#
# There is insufficient memory for the Java Runtime Environment to continue.
# Native memory allocation (malloc) failed to allocate 1404320 bytes. Error detail: Chunk::new
# Possible reasons:
#   The system is out of physical RAM or swap space
#   This process is running with CompressedOops enabled, and the Java Heap may be blocking the growth of the native heap
# Possible solutions:
#   Reduce memory load on the system
#   Increase physical memory or swap space
#   Check if swap backing store is full
#   Decrease Java heap size (-Xmx/-Xms)
#   Decrease number of Java threads
#   Decrease Java thread stack sizes (-Xss)
#   Set larger code cache with -XX:ReservedCodeCacheSize=
#   JVM is running with Unscaled Compressed Oops mode in which the Java heap is
#     placed in the first 4GB address space. The Java Heap base address is the
#     maximum limit for the native heap growth. Please use -XX:HeapBaseMinAddress
#     to set the Java Heap base and to place the Java Heap above 4GB virtual address.
# This output file may be truncated or incomplete.
#
#  Out of Memory Error (arena.cpp:168), pid=2784, tid=6116
#
# JRE version: OpenJDK Runtime Environment Temurin-21.0.10+7 (21.0.10+7) (build 21.0.10+7-LTS)
# Java VM: OpenJDK 64-Bit Server VM Temurin-21.0.10+7 (21.0.10+7-LTS, mixed mode, sharing, tiered, compressed oops, compressed class ptrs, parallel gc, windows-amd64)
# No core dump will be written. Minidumps are not enabled by default on client versions of Windows
#

---------------  S U M M A R Y ------------

Command Line: --add-modules=ALL-SYSTEM --add-opens=java.base/java.util=ALL-UNNAMED --add-opens=java.base/java.lang=ALL-UNNAMED --add-opens=java.base/sun.nio.fs=ALL-UNNAMED -Declipse.application=org.eclipse.jdt.ls.core.id1 -Dosgi.bundles.defaultStartLevel=4 -Declipse.product=org.eclipse.jdt.ls.core.product -Djava.import.generatesMetadataFilesAtProjectRoot=false -DDetectVMInstallationsJob.disabled=true -Dfile.encoding=utf8 -XX:+UseParallelGC -XX:GCTimeRatio=4 -XX:AdaptiveSizePolicyWeight=90 -Dsun.zip.disableMemoryMapping=true -Xmx2G -Xms100m -Xlog:disable -javaagent:c:\Users\mahes\.vscode\extensions\redhat.java-1.53.0-win32-x64\lombok\lombok-1.18.39-4050.jar -XX:+HeapDumpOnOutOfMemoryError -XX:HeapDumpPath=c:\Users\mahes\AppData\Roaming\Code\User\workspaceStorage\e827ccee51efc676e77e19a72bfc38f4\redhat.java -Daether.dependencyCollector.impl=bf c:\Users\mahes\.vscode\extensions\redhat.java-1.53.0-win32-x64\server\plugins\org.eclipse.equinox.launcher_1.7.100.v20251111-0406.jar -configuration c:\Users\mahes\AppData\Roaming\Code\User\globalStorage\redhat.java\1.53.0\config_win -data c:\Users\mahes\AppData\Roaming\Code\User\workspaceStorage\e827ccee51efc676e77e19a72bfc38f4\redhat.java\jdt_ws --pipe=\\.\pipe\lsp-f1ec44bea45219816199d13daa5f1db0-sock

Host: AMD Ryzen 5 7535HS with Radeon Graphics        , 12 cores, 7G,  Windows 11 , 64 bit Build 26100 (10.0.26100.7920)
Time: Sun Mar 22 03:02:55 2026 India Standard Time elapsed time: 618.182861 seconds (0d 0h 10m 18s)

---------------  T H R E A D  ---------------

Current thread (0x000001fb70464fd0):  JavaThread "C2 CompilerThread0" daemon [_thread_in_native, id=6116, stack(0x0000007548600000,0x0000007548700000) (1024K)]


Current CompileTask:
C2:618182 16203 % !   4       org.eclipse.jdt.internal.core.DeltaProcessor::createExternalArchiveDelta @ 462 (1186 bytes)

Stack: [0x0000007548600000,0x0000007548700000]
Native frames: (J=compiled Java code, j=interpreted, Vv=VM code, C=native code)
V  [jvm.dll+0x6d7a39]
V  [jvm.dll+0x8b4b26]
V  [jvm.dll+0x8b70de]
V  [jvm.dll+0x8b77c3]
V  [jvm.dll+0x284346]
V  [jvm.dll+0xc66ed]
V  [jvm.dll+0xc6c31]
V  [jvm.dll+0x3bec3b]
V  [jvm.dll+0x1e3f69]
V  [jvm.dll+0x24c6b3]
V  [jvm.dll+0x24bb40]
V  [jvm.dll+0x1cb34e]
V  [jvm.dll+0x25b85d]
V  [jvm.dll+0x259dea]
V  [jvm.dll+0x3f857e]
V  [jvm.dll+0x85f59d]
V  [jvm.dll+0x6d626d]
C  [ucrtbase.dll+0x37b0]
C  [KERNEL32.DLL+0x2e8d7]
C  [ntdll.dll+0x8c48c]


---------------  P R O C E S S  ---------------

Threads class SMR info:
_java_thread_list=0x000001fb55ff6860, length=104, elements={
0x000001fb703b19f0, 0x000001fb7035d7c0, 0x000001fb70451ef0, 0x000001fb704556d0,
0x000001fb70456330, 0x000001fb70456f90, 0x000001fb70459a00, 0x000001fb70464fd0,
0x000001fb7046b020, 0x000001fb792d7190, 0x000001fb793b1fe0, 0x000001fb7a2c8830,
0x000001fb7a76b200, 0x000001fb7a797580, 0x000001fb79424380, 0x000001fb7f585490,
0x000001fb7f5ba810, 0x000001fb7f7f06a0, 0x000001fb7f729e40, 0x000001fb7f72a4b0,
0x000001fb7f786670, 0x000001fb7f787a20, 0x000001fb7f7880b0, 0x000001fb7f788740,
0x000001fb7f785fe0, 0x000001fb5057fd80, 0x000001fb50580410, 0x000001fb50580aa0,
0x000001fb50581130, 0x000001fb505817c0, 0x000001fb50581e50, 0x000001fb505824e0,
0x000001fb5057f060, 0x000001fb50582b70, 0x000001fb5057f6f0, 0x000001fb50583200,
0x000001fb50585ff0, 0x000001fb50583f20, 0x000001fb505845b0, 0x000001fb51d032c0,
0x000001fb51d025a0, 0x000001fb51d04670, 0x000001fb51d04d00, 0x000001fb51d03950,
0x000001fb51d05390, 0x000001fb51d03fe0, 0x000001fb51d01f10, 0x000001fb7f786d00,
0x000001fb7fcaf070, 0x000001fb7fcb0420, 0x000001fb50195390, 0x000001fb50191f10,
0x000001fb501932c0, 0x000001fb554d06d0, 0x000001fb554d0040, 0x000001fb554d2110,
0x000001fb554cec90, 0x000001fb554cf320, 0x000001fb554d4870, 0x000001fb554d3b50,
0x000001fb554d4f00, 0x000001fb50198810, 0x000001fb50198ea0, 0x000001fb555e6870,
0x000001fb555e5b50, 0x000001fb555e7c20, 0x000001fb555e82b0, 0x000001fb555e6f00,
0x000001fb555e8fd0, 0x000001fb555e8940, 0x000001fb555ebdc0, 0x000001fb555eb730,
0x000001fb554d2e30, 0x000001fb554cf9b0, 0x000001fb554d34c0, 0x000001fb554d41e0,
0x000001fb554d13f0, 0x000001fb554d5590, 0x000001fb50194d00, 0x000001fb50194670,
0x000001fb50192c30, 0x000001fb50196740, 0x000001fb50195a20, 0x000001fb50193950,
0x000001fb50197460, 0x000001fb555e9cf0, 0x000001fb7fcb0ab0, 0x000001fb7fcb24f0,
0x000001fb7fcb17d0, 0x000001fb7fcb1140, 0x000001fb7fcaf700, 0x000001fb7fcb1e60,
0x000001fb52fc0d90, 0x000001fb52fc1ab0, 0x000001fb51d07460, 0x000001fb51d09530,
0x000001fb51d08ea0, 0x000001fb51d06740, 0x000001fb51d07af0, 0x000001fb52fc2140,
0x000001fb52fc0700, 0x000001fb52fbecc0, 0x000001fb50585960, 0x000001fb50583890
}

Java Threads: ( => current thread )
  0x000001fb703b19f0 JavaThread "main"                              [_thread_blocked, id=16580, stack(0x0000007547c00000,0x0000007547d00000) (1024K)]
  0x000001fb7035d7c0 JavaThread "Reference Handler"          daemon [_thread_blocked, id=17988, stack(0x0000007548000000,0x0000007548100000) (1024K)]
  0x000001fb70451ef0 JavaThread "Finalizer"                  daemon [_thread_blocked, id=15320, stack(0x0000007548100000,0x0000007548200000) (1024K)]
  0x000001fb704556d0 JavaThread "Signal Dispatcher"          daemon [_thread_blocked, id=1588, stack(0x0000007548200000,0x0000007548300000) (1024K)]
  0x000001fb70456330 JavaThread "Attach Listener"            daemon [_thread_blocked, id=28480, stack(0x0000007548300000,0x0000007548400000) (1024K)]
  0x000001fb70456f90 JavaThread "Service Thread"             daemon [_thread_blocked, id=20128, stack(0x0000007548400000,0x0000007548500000) (1024K)]
  0x000001fb70459a00 JavaThread "Monitor Deflation Thread"   daemon [_thread_blocked, id=5732, stack(0x0000007548500000,0x0000007548600000) (1024K)]
=>0x000001fb70464fd0 JavaThread "C2 CompilerThread0"         daemon [_thread_in_native, id=6116, stack(0x0000007548600000,0x0000007548700000) (1024K)]
  0x000001fb7046b020 JavaThread "C1 CompilerThread0"         daemon [_thread_blocked, id=21104, stack(0x0000007548700000,0x0000007548800000) (1024K)]
  0x000001fb792d7190 JavaThread "Common-Cleaner"             daemon [_thread_blocked, id=10204, stack(0x0000007548800000,0x0000007548900000) (1024K)]
  0x000001fb793b1fe0 JavaThread "Notification Thread"        daemon [_thread_blocked, id=25860, stack(0x0000007548900000,0x0000007548a00000) (1024K)]
  0x000001fb7a2c8830 JavaThread "Active Thread: Equinox Container: d44c394f-3dab-4fdc-b0bc-8bf72f93f03e"        [_thread_blocked, id=3040, stack(0x0000007549100000,0x0000007549200000) (1024K)]
  0x000001fb7a76b200 JavaThread "Refresh Thread: Equinox Container: d44c394f-3dab-4fdc-b0bc-8bf72f93f03e" daemon [_thread_blocked, id=27048, stack(0x0000007549300000,0x0000007549400000) (1024K)]
  0x000001fb7a797580 JavaThread "Framework Event Dispatcher: Equinox Container: d44c394f-3dab-4fdc-b0bc-8bf72f93f03e" daemon [_thread_blocked, id=17892, stack(0x0000007549400000,0x0000007549500000) (1024K)]
  0x000001fb79424380 JavaThread "Start Level: Equinox Container: d44c394f-3dab-4fdc-b0bc-8bf72f93f03e" daemon [_thread_blocked, id=26708, stack(0x0000007548a00000,0x0000007548b00000) (1024K)]
  0x000001fb7f585490 JavaThread "Bundle File Closer"         daemon [_thread_blocked, id=27108, stack(0x0000007549900000,0x0000007549a00000) (1024K)]
  0x000001fb7f5ba810 JavaThread "SCR Component Actor"        daemon [_thread_blocked, id=12624, stack(0x0000007549500000,0x0000007549600000) (1024K)]
  0x000001fb7f7f06a0 JavaThread "Worker-JM"                         [_thread_blocked, id=7612, stack(0x0000007549a00000,0x0000007549b00000) (1024K)]
  0x000001fb7f729e40 JavaThread "JNA Cleaner"                daemon [_thread_blocked, id=17184, stack(0x0000007549b00000,0x0000007549c00000) (1024K)]
  0x000001fb7f72a4b0 JavaThread "Worker-0"                          [_thread_blocked, id=18420, stack(0x0000007549c00000,0x0000007549d00000) (1024K)]
  0x000001fb7f786670 JavaThread "Java indexing"              daemon [_thread_blocked, id=18384, stack(0x0000007549e00000,0x0000007549f00000) (1024K)]
  0x000001fb7f787a20 JavaThread "Thread-1"                   daemon [_thread_in_native, id=25544, stack(0x000000754a300000,0x000000754a400000) (1024K)]
  0x000001fb7f7880b0 JavaThread "Thread-2"                   daemon [_thread_in_native, id=360, stack(0x000000754a400000,0x000000754a500000) (1024K)]
  0x000001fb7f788740 JavaThread "Thread-3"                   daemon [_thread_in_native, id=26528, stack(0x000000754a500000,0x000000754a600000) (1024K)]
  0x000001fb7f785fe0 JavaThread "Thread-4"                   daemon [_thread_in_native, id=2272, stack(0x000000754a600000,0x000000754a700000) (1024K)]
  0x000001fb5057fd80 JavaThread "Thread-5"                   daemon [_thread_in_native, id=13024, stack(0x000000754a700000,0x000000754a800000) (1024K)]
  0x000001fb50580410 JavaThread "Thread-6"                   daemon [_thread_in_native, id=25156, stack(0x000000754a800000,0x000000754a900000) (1024K)]
  0x000001fb50580aa0 JavaThread "Thread-7"                   daemon [_thread_in_native, id=9800, stack(0x000000754a900000,0x000000754aa00000) (1024K)]
  0x000001fb50581130 JavaThread "Thread-8"                   daemon [_thread_in_native, id=20252, stack(0x000000754aa00000,0x000000754ab00000) (1024K)]
  0x000001fb505817c0 JavaThread "Thread-9"                   daemon [_thread_in_native, id=12064, stack(0x000000754ab00000,0x000000754ac00000) (1024K)]
  0x000001fb50581e50 JavaThread "Thread-10"                  daemon [_thread_in_native, id=27628, stack(0x000000754ac00000,0x000000754ad00000) (1024K)]
  0x000001fb505824e0 JavaThread "Thread-11"                  daemon [_thread_in_native, id=13848, stack(0x000000754ad00000,0x000000754ae00000) (1024K)]
  0x000001fb5057f060 JavaThread "Thread-12"                  daemon [_thread_in_native, id=27732, stack(0x000000754ae00000,0x000000754af00000) (1024K)]
  0x000001fb50582b70 JavaThread "Thread-13"                  daemon [_thread_in_native, id=13792, stack(0x000000754af00000,0x000000754b000000) (1024K)]
  0x000001fb5057f6f0 JavaThread "pool-2-thread-1"                   [_thread_blocked, id=22440, stack(0x000000754b000000,0x000000754b100000) (1024K)]
  0x000001fb50583200 JavaThread "Timer-0"                           [_thread_blocked, id=9848, stack(0x000000754b100000,0x000000754b200000) (1024K)]
  0x000001fb50585ff0 JavaThread "Timer-1"                           [_thread_blocked, id=21760, stack(0x000000754b300000,0x000000754b400000) (1024K)]
  0x000001fb50583f20 JavaThread "WorkspaceEventsHandler"            [_thread_blocked, id=13476, stack(0x000000754b700000,0x000000754b800000) (1024K)]
  0x000001fb505845b0 JavaThread "pool-1-thread-1"                   [_thread_blocked, id=11040, stack(0x000000754b800000,0x000000754b900000) (1024K)]
  0x000001fb51d032c0 JavaThread "Timer-2"                           [_thread_blocked, id=3336, stack(0x000000754b600000,0x000000754b700000) (1024K)]
  0x000001fb51d025a0 JavaThread "Timer-3"                           [_thread_blocked, id=11456, stack(0x000000754bc00000,0x000000754bd00000) (1024K)]
  0x000001fb51d04670 JavaThread "Timer-4"                           [_thread_blocked, id=8600, stack(0x000000754bd00000,0x000000754be00000) (1024K)]
  0x000001fb51d04d00 JavaThread "Timer-5"                           [_thread_blocked, id=28340, stack(0x000000754be00000,0x000000754bf00000) (1024K)]
  0x000001fb51d03950 JavaThread "Timer-6"                           [_thread_blocked, id=13276, stack(0x000000754bf00000,0x000000754c000000) (1024K)]
  0x000001fb51d05390 JavaThread "Timer-7"                           [_thread_blocked, id=2700, stack(0x000000754c000000,0x000000754c100000) (1024K)]
  0x000001fb51d03fe0 JavaThread "Timer-8"                           [_thread_blocked, id=15048, stack(0x0000007547b00000,0x0000007547c00000) (1024K)]
  0x000001fb51d01f10 JavaThread "Timer-9"                           [_thread_blocked, id=19472, stack(0x0000007549600000,0x0000007549700000) (1024K)]
  0x000001fb7f786d00 JavaThread "Worker-14"                         [_thread_blocked, id=9676, stack(0x000000754c200000,0x000000754c300000) (1024K)]
  0x000001fb7fcaf070 JavaThread "Worker-16: Update project expo-module-gradle-plugin"        [_thread_blocked, id=20300, stack(0x000000754c400000,0x000000754c500000) (1024K)]
  0x000001fb7fcb0420 JavaThread "Worker-21: Update project expo-modules-core"        [_thread_in_native, id=5896, stack(0x000000754c700000,0x000000754c800000) (1024K)]
  0x000001fb50195390 JavaThread "Worker-26: Register Watchers"        [_thread_blocked, id=28324, stack(0x000000754cc00000,0x000000754cd00000) (1024K)]
  0x000001fb50191f10 JavaThread "Worker-27: Initialize workspace"        [_thread_blocked, id=7436, stack(0x000000754cd00000,0x000000754ce00000) (1024K)]
  0x000001fb501932c0 JavaThread "Timer-10"                          [_thread_blocked, id=18412, stack(0x000000754d000000,0x000000754d100000) (1024K)]
  0x000001fb554d06d0 JavaThread "Timer-11"                          [_thread_blocked, id=24700, stack(0x000000754e200000,0x000000754e300000) (1024K)]
  0x000001fb554d0040 JavaThread "Timer-12"                          [_thread_blocked, id=15996, stack(0x000000754e300000,0x000000754e400000) (1024K)]
  0x000001fb554d2110 JavaThread "Timer-13"                          [_thread_blocked, id=13400, stack(0x000000754ba00000,0x000000754bb00000) (1024K)]
  0x000001fb554cec90 JavaThread "Timer-14"                          [_thread_blocked, id=10900, stack(0x000000754d100000,0x000000754d200000) (1024K)]
  0x000001fb554cf320 JavaThread "Timer-15"                          [_thread_blocked, id=11788, stack(0x000000754d200000,0x000000754d300000) (1024K)]
  0x000001fb554d4870 JavaThread "Timer-16"                          [_thread_blocked, id=27716, stack(0x000000754e500000,0x000000754e600000) (1024K)]
  0x000001fb554d3b50 JavaThread "Timer-17"                          [_thread_blocked, id=8804, stack(0x000000754d600000,0x000000754d700000) (1024K)]
  0x000001fb554d4f00 JavaThread "Timer-18"                          [_thread_blocked, id=18308, stack(0x000000754e600000,0x000000754e700000) (1024K)]
  0x000001fb50198810 JavaThread "Timer-19"                          [_thread_blocked, id=2896, stack(0x000000754ec00000,0x000000754ed00000) (1024K)]
  0x000001fb50198ea0 JavaThread "Timer-20"                          [_thread_blocked, id=20232, stack(0x000000754ed00000,0x000000754ee00000) (1024K)]
  0x000001fb555e6870 JavaThread "Timer-21"                          [_thread_blocked, id=25472, stack(0x0000007547a00000,0x0000007547b00000) (1024K)]
  0x000001fb555e5b50 JavaThread "Timer-22"                          [_thread_blocked, id=22488, stack(0x000000754ce00000,0x000000754cf00000) (1024K)]
  0x000001fb555e7c20 JavaThread "Timer-23"                          [_thread_blocked, id=3092, stack(0x000000754cf00000,0x000000754d000000) (1024K)]
  0x000001fb555e82b0 JavaThread "Timer-25"                          [_thread_blocked, id=24968, stack(0x000000754d300000,0x000000754d400000) (1024K)]
  0x000001fb555e6f00 JavaThread "Timer-24"                          [_thread_blocked, id=17132, stack(0x000000754d700000,0x000000754d800000) (1024K)]
  0x000001fb555e8fd0 JavaThread "Timer-26"                          [_thread_blocked, id=8000, stack(0x000000754da00000,0x000000754db00000) (1024K)]
  0x000001fb555e8940 JavaThread "Timer-27"                          [_thread_blocked, id=20112, stack(0x000000754dc00000,0x000000754dd00000) (1024K)]
  0x000001fb555ebdc0 JavaThread "Timer-28"                          [_thread_blocked, id=27924, stack(0x000000754df00000,0x000000754e000000) (1024K)]
  0x000001fb555eb730 JavaThread "Timer-29"                          [_thread_blocked, id=13860, stack(0x000000754e000000,0x000000754e100000) (1024K)]
  0x000001fb554d2e30 JavaThread "Timer-30"                          [_thread_blocked, id=29456, stack(0x000000754a200000,0x000000754a300000) (1024K)]
  0x000001fb554cf9b0 JavaThread "Timer-31"                          [_thread_blocked, id=17788, stack(0x0000007547900000,0x0000007547a00000) (1024K)]
  0x000001fb554d34c0 JavaThread "Timer-33"                          [_thread_blocked, id=28436, stack(0x0000007549d00000,0x0000007549e00000) (1024K)]
  0x000001fb554d41e0 JavaThread "Timer-32"                          [_thread_blocked, id=29156, stack(0x0000007549f00000,0x000000754a000000) (1024K)]
  0x000001fb554d13f0 JavaThread "Timer-34"                          [_thread_blocked, id=19544, stack(0x000000754a000000,0x000000754a100000) (1024K)]
  0x000001fb554d5590 JavaThread "Timer-35"                          [_thread_blocked, id=3500, stack(0x000000754b200000,0x000000754b300000) (1024K)]
  0x000001fb50194d00 JavaThread "Timer-36"                          [_thread_blocked, id=29372, stack(0x000000754bb00000,0x000000754bc00000) (1024K)]
  0x000001fb50194670 JavaThread "Timer-37"                          [_thread_blocked, id=29468, stack(0x000000754c100000,0x000000754c200000) (1024K)]
  0x000001fb50192c30 JavaThread "Timer-38"                          [_thread_blocked, id=28768, stack(0x000000754a100000,0x000000754a200000) (1024K)]
  0x000001fb50196740 JavaThread "Timer-39"                          [_thread_blocked, id=15100, stack(0x000000754b400000,0x000000754b500000) (1024K)]
  0x000001fb50195a20 JavaThread "Timer-40"                          [_thread_blocked, id=18424, stack(0x000000754b900000,0x000000754ba00000) (1024K)]
  0x000001fb50193950 JavaThread "Timer-41"                          [_thread_blocked, id=19384, stack(0x000000754c300000,0x000000754c400000) (1024K)]
  0x000001fb50197460 JavaThread "Timer-42"                          [_thread_blocked, id=12084, stack(0x000000754c500000,0x000000754c600000) (1024K)]
  0x000001fb555e9cf0 JavaThread "Timer-43"                          [_thread_blocked, id=12972, stack(0x000000754d400000,0x000000754d500000) (1024K)]
  0x000001fb7fcb0ab0 JavaThread "Timer-44"                          [_thread_blocked, id=20188, stack(0x000000754c600000,0x000000754c700000) (1024K)]
  0x000001fb7fcb24f0 JavaThread "Timer-45"                          [_thread_blocked, id=15976, stack(0x000000754d500000,0x000000754d600000) (1024K)]
  0x000001fb7fcb17d0 JavaThread "Timer-46"                          [_thread_blocked, id=7396, stack(0x000000754d800000,0x000000754d900000) (1024K)]
  0x000001fb7fcb1140 JavaThread "Timer-47"                          [_thread_blocked, id=2092, stack(0x000000754ca00000,0x000000754cb00000) (1024K)]
  0x000001fb7fcaf700 JavaThread "Timer-48"                          [_thread_blocked, id=24940, stack(0x000000754d900000,0x000000754da00000) (1024K)]
  0x000001fb7fcb1e60 JavaThread "Timer-49"                          [_thread_blocked, id=18596, stack(0x000000754db00000,0x000000754dc00000) (1024K)]
  0x000001fb52fc0d90 JavaThread "Timer-50"                          [_thread_blocked, id=1856, stack(0x000000754e100000,0x000000754e200000) (1024K)]
  0x000001fb52fc1ab0 JavaThread "Timer-51"                          [_thread_blocked, id=28048, stack(0x000000754e700000,0x000000754e800000) (1024K)]
  0x000001fb51d07460 JavaThread "Timer-52"                          [_thread_blocked, id=29172, stack(0x000000754e400000,0x000000754e500000) (1024K)]
  0x000001fb51d09530 JavaThread "Timer-53"                          [_thread_blocked, id=28872, stack(0x000000754dd00000,0x000000754de00000) (1024K)]
  0x000001fb51d08ea0 JavaThread "Timer-54"                          [_thread_blocked, id=24844, stack(0x000000754e800000,0x000000754e900000) (1024K)]
  0x000001fb51d06740 JavaThread "Timer-55"                          [_thread_blocked, id=19676, stack(0x000000754de00000,0x000000754df00000) (1024K)]
  0x000001fb51d07af0 JavaThread "Timer-56"                          [_thread_blocked, id=18072, stack(0x000000754e900000,0x000000754ea00000) (1024K)]
  0x000001fb52fc2140 JavaThread "Worker-44"                         [_thread_blocked, id=21868, stack(0x000000754ea00000,0x000000754eb00000) (1024K)]
  0x000001fb52fc0700 JavaThread "Timer-57"                          [_thread_blocked, id=29452, stack(0x000000754eb00000,0x000000754ec00000) (1024K)]
  0x000001fb52fbecc0 JavaThread "Timer-58"                          [_thread_blocked, id=10308, stack(0x000000754ef00000,0x000000754f000000) (1024K)]
  0x000001fb50585960 JavaThread "Timer-59"                          [_thread_blocked, id=2628, stack(0x000000754cb00000,0x000000754cc00000) (1024K)]
  0x000001fb50583890 JavaThread "Timer-60"                          [_thread_blocked, id=22280, stack(0x000000754ee00000,0x000000754ef00000) (1024K)]
Total: 104

Other Threads:
  0x000001fb6dfaeaf0 VMThread "VM Thread"                           [id=20000, stack(0x0000007547f00000,0x0000007548000000) (1024K)]
  0x000001fb7023ca00 WatcherThread "VM Periodic Task Thread"        [id=14408, stack(0x0000007547e00000,0x0000007547f00000) (1024K)]
  0x000001fb703d0d70 WorkerThread "GC Thread#0"                     [id=10016, stack(0x0000007547d00000,0x0000007547e00000) (1024K)]
  0x000001fb7a0baff0 WorkerThread "GC Thread#1"                     [id=15064, stack(0x0000007548b00000,0x0000007548c00000) (1024K)]
  0x000001fb7a76e840 WorkerThread "GC Thread#2"                     [id=2776, stack(0x0000007548c00000,0x0000007548d00000) (1024K)]
  0x000001fb7a6e3ad0 WorkerThread "GC Thread#3"                     [id=13100, stack(0x0000007548d00000,0x0000007548e00000) (1024K)]
  0x000001fb7a6e3e80 WorkerThread "GC Thread#4"                     [id=12440, stack(0x0000007548e00000,0x0000007548f00000) (1024K)]
  0x000001fb7f027a70 WorkerThread "GC Thread#5"                     [id=21152, stack(0x0000007548f00000,0x0000007549000000) (1024K)]
  0x000001fb7f027e20 WorkerThread "GC Thread#6"                     [id=8864, stack(0x0000007549000000,0x0000007549100000) (1024K)]
  0x000001fb7a2f6af0 WorkerThread "GC Thread#7"                     [id=10796, stack(0x0000007549200000,0x0000007549300000) (1024K)]
  0x000001fb7f67c5a0 WorkerThread "GC Thread#8"                     [id=10840, stack(0x0000007549700000,0x0000007549800000) (1024K)]
  0x000001fb7f622750 WorkerThread "GC Thread#9"                     [id=3588, stack(0x0000007549800000,0x0000007549900000) (1024K)]
Total: 12

Threads with active compile tasks:
C2 CompilerThread0  618235 16203 % !   4       org.eclipse.jdt.internal.core.DeltaProcessor::createExternalArchiveDelta @ 462 (1186 bytes)
Total: 1

VM state: not at safepoint (normal execution)

VM Mutex/Monitor currently owned by a thread: None

Heap address: 0x0000000080000000, size: 2048 MB, Compressed Oops mode: 32-bit

CDS archive(s) mapped at: [0x000001fb0f000000-0x000001fb0fba0000-0x000001fb0fba0000), size 12189696, SharedBaseAddress: 0x000001fb0f000000, ArchiveRelocationMode: 1.
Compressed class space mapped at: 0x000001fb10000000-0x000001fb50000000, reserved size: 1073741824
Narrow klass base: 0x000001fb0f000000, Narrow klass shift: 0, Narrow klass range: 0x100000000

GC Precious Log:
 CardTable entry size: 512
 CPUs: 12 total, 12 available
 Memory: 7381M
 Large Page Support: Disabled
 NUMA Support: Disabled
 Compressed Oops: Enabled (32-bit)
 Alignments: Space 512K, Generation 512K, Heap 2M
 Heap Min Capacity: 100M
 Heap Initial Capacity: 100M
 Heap Max Capacity: 2G
 Pre-touch: Disabled
 Parallel Workers: 10

Heap:
 PSYoungGen      total 5120K, used 2967K [0x00000000d5580000, 0x00000000d5c00000, 0x0000000100000000)
  eden space 4608K, 57% used [0x00000000d5580000,0x00000000d5815d90,0x00000000d5a00000)
  from space 512K, 62% used [0x00000000d5a00000,0x00000000d5a50000,0x00000000d5a80000)
  to   space 512K, 0% used [0x00000000d5b80000,0x00000000d5b80000,0x00000000d5c00000)
 ParOldGen       total 993280K, used 992900K [0x0000000080000000, 0x00000000bca00000, 0x00000000d5580000)
  object space 993280K, 99% used [0x0000000080000000,0x00000000bc9a1248,0x00000000bca00000)
 Metaspace       used 88851K, committed 90688K, reserved 1179648K
  class space    used 11100K, committed 11904K, reserved 1048576K

Card table byte_map: [0x000001fb6fd50000,0x000001fb70160000] _byte_map_base: 0x000001fb6f950000

Marking Bits: (ParMarkBitMap*) 0x00007ffa63263450
 Begin Bits: [0x000001fb73860000, 0x000001fb75860000)
 End Bits:   [0x000001fb75860000, 0x000001fb77860000)

Polling page: 0x000001fb6e1b0000

Metaspace:

Usage:
  Non-class:     75.93 MB used.
      Class:     10.84 MB used.
       Both:     86.77 MB used.

Virtual space:
  Non-class space:      128.00 MB reserved,      76.94 MB ( 60%) committed,  2 nodes.
      Class space:        1.00 GB reserved,      11.62 MB (  1%) committed,  1 nodes.
             Both:        1.12 GB reserved,      88.56 MB (  8%) committed. 

Chunk freelists:
   Non-Class:  2.25 MB
       Class:  4.32 MB
        Both:  6.57 MB

MaxMetaspaceSize: unlimited
CompressedClassSpaceSize: 1.00 GB
Initial GC threshold: 21.00 MB
Current GC threshold: 126.38 MB
CDS: on
 - commit_granule_bytes: 65536.
 - commit_granule_words: 8192.
 - virtual_space_node_default_size: 8388608.
 - enlarge_chunks_in_place: 1.
 - use_allocation_guard: 0.


Internal statistics:

num_allocs_failed_limit: 11.
num_arena_births: 1914.
num_arena_deaths: 14.
num_vsnodes_births: 3.
num_vsnodes_deaths: 0.
num_space_committed: 1417.
num_space_uncommitted: 0.
num_chunks_returned_to_freelist: 25.
num_chunks_taken_from_freelist: 6067.
num_chunk_merges: 17.
num_chunk_splits: 3714.
num_chunks_enlarged: 2090.
num_inconsistent_stats: 0.

CodeHeap 'non-profiled nmethods': size=120000Kb used=17431Kb max_used=17431Kb free=102568Kb
 bounds [0x000001fb07ad0000, 0x000001fb08be0000, 0x000001fb0f000000]
CodeHeap 'profiled nmethods': size=120000Kb used=32594Kb max_used=32594Kb free=87405Kb
 bounds [0x000001fb00000000, 0x000001fb01fe0000, 0x000001fb07530000]
CodeHeap 'non-nmethods': size=5760Kb used=1473Kb max_used=1569Kb free=4286Kb
 bounds [0x000001fb07530000, 0x000001fb077a0000, 0x000001fb07ad0000]
CodeCache: size=245760Kb, used=51498Kb, max_used=51594Kb, free=194259Kb
 total_blobs=15661, nmethods=14874, adapters=693, full_count=0
Compilation: enabled, stopped_count=0, restarted_count=0

Compilation events (20 events):
Event: 617.050 Thread 0x000001fb7046b020 16217       3       com.google.common.base.Joiner::on (12 bytes)
Event: 617.050 Thread 0x000001fb7046b020 nmethod 16217 0x000001fb01fcea90 code [0x000001fb01fcec60, 0x000001fb01fcf000]
Event: 617.050 Thread 0x000001fb7046b020 16218       1       org.eclipse.buildship.core.internal.configuration.BuildConfigurationProperties::isShowConsoleView (5 bytes)
Event: 617.051 Thread 0x000001fb7046b020 nmethod 16218 0x000001fb08bd4f10 code [0x000001fb08bd50a0, 0x000001fb08bd5170]
Event: 617.051 Thread 0x000001fb7046b020 16219       1       org.eclipse.buildship.core.internal.configuration.BuildConfigurationProperties::isShowExecutionsView (5 bytes)
Event: 617.051 Thread 0x000001fb7046b020 nmethod 16219 0x000001fb08bd5210 code [0x000001fb08bd53a0, 0x000001fb08bd5470]
Event: 617.051 Thread 0x000001fb7046b020 16222       3       com.google.common.collect.ImmutableSet$SetBuilderImpl::<init> (18 bytes)
Event: 617.051 Thread 0x000001fb7046b020 nmethod 16222 0x000001fb01fcf190 code [0x000001fb01fcf340, 0x000001fb01fcf568]
Event: 617.051 Thread 0x000001fb7046b020 16221       3       com.google.common.collect.ImmutableSet$RegularSetBuilderImpl::<init> (21 bytes)
Event: 617.051 Thread 0x000001fb7046b020 nmethod 16221 0x000001fb01fcf690 code [0x000001fb01fcf840, 0x000001fb01fcfae8]
Event: 617.051 Thread 0x000001fb7046b020 16220       1       org.eclipse.buildship.core.internal.configuration.DefaultProjectConfiguration::getProjectDir (5 bytes)
Event: 617.051 Thread 0x000001fb7046b020 nmethod 16220 0x000001fb08bd5510 code [0x000001fb08bd56a0, 0x000001fb08bd5768]
Event: 617.067 Thread 0x000001fb7046b020 16224       3       org.eclipse.buildship.core.internal.util.gradle.CompatEclipseProject::getClasspath (74 bytes)
Event: 617.073 Thread 0x000001fb7046b020 nmethod 16224 0x000001fb01fcfc10 code [0x000001fb01fcff00, 0x000001fb01fd10e0]
Event: 617.077 Thread 0x000001fb7046b020 16225       3       org.eclipse.buildship.core.internal.workspace.GradleClasspathContainerUpdater::collectExternalDependencies (281 bytes)
Event: 617.094 Thread 0x000001fb7046b020 nmethod 16225 0x000001fb01fd1710 code [0x000001fb01fd1c40, 0x000001fb01fd3df0]
Event: 617.094 Thread 0x000001fb7046b020 16226       1       com.google.common.collect.RegularImmutableList::internalArray (5 bytes)
Event: 617.094 Thread 0x000001fb7046b020 nmethod 16226 0x000001fb08bd5810 code [0x000001fb08bd59a0, 0x000001fb08bd5a68]
Event: 617.094 Thread 0x000001fb7046b020 16227       1       com.google.common.collect.RegularImmutableList::internalArrayStart (2 bytes)
Event: 617.094 Thread 0x000001fb7046b020 nmethod 16227 0x000001fb08bd5b10 code [0x000001fb08bd5ca0, 0x000001fb08bd5d68]

GC Heap History (20 events):
Event: 615.619 GC heap before
{Heap before GC invocations=8298 (full 4):
 PSYoungGen      total 3584K, used 3392K [0x00000000d5580000, 0x00000000d5b00000, 0x0000000100000000)
  eden space 3072K, 100% used [0x00000000d5580000,0x00000000d5880000,0x00000000d5880000)
  from space 512K, 62% used [0x00000000d5a80000,0x00000000d5ad0000,0x00000000d5b00000)
  to   space 512K, 0% used [0x00000000d5a00000,0x00000000d5a00000,0x00000000d5a80000)
 ParOldGen       total 991232K, used 990948K [0x0000000080000000, 0x00000000bc800000, 0x00000000d5580000)
  object space 991232K, 99% used [0x0000000080000000,0x00000000bc7b9228,0x00000000bc800000)
 Metaspace       used 88828K, committed 90688K, reserved 1179648K
  class space    used 11100K, committed 11904K, reserved 1048576K
}
Event: 615.621 GC heap after
{Heap after GC invocations=8298 (full 4):
 PSYoungGen      total 3584K, used 320K [0x00000000d5580000, 0x00000000d5b00000, 0x0000000100000000)
  eden space 3072K, 0% used [0x00000000d5580000,0x00000000d5580000,0x00000000d5880000)
  from space 512K, 62% used [0x00000000d5a00000,0x00000000d5a50000,0x00000000d5a80000)
  to   space 512K, 0% used [0x00000000d5a80000,0x00000000d5a80000,0x00000000d5b00000)
 ParOldGen       total 991232K, used 991028K [0x0000000080000000, 0x00000000bc800000, 0x00000000d5580000)
  object space 991232K, 99% used [0x0000000080000000,0x00000000bc7cd228,0x00000000bc800000)
 Metaspace       used 88828K, committed 90688K, reserved 1179648K
  class space    used 11100K, committed 11904K, reserved 1048576K
}
Event: 615.850 GC heap before
{Heap before GC invocations=8299 (full 4):
 PSYoungGen      total 3584K, used 3392K [0x00000000d5580000, 0x00000000d5b00000, 0x0000000100000000)
  eden space 3072K, 100% used [0x00000000d5580000,0x00000000d5880000,0x00000000d5880000)
  from space 512K, 62% used [0x00000000d5a00000,0x00000000d5a50000,0x00000000d5a80000)
  to   space 512K, 0% used [0x00000000d5a80000,0x00000000d5a80000,0x00000000d5b00000)
 ParOldGen       total 991232K, used 991028K [0x0000000080000000, 0x00000000bc800000, 0x00000000d5580000)
  object space 991232K, 99% used [0x0000000080000000,0x00000000bc7cd228,0x00000000bc800000)
 Metaspace       used 88829K, committed 90688K, reserved 1179648K
  class space    used 11100K, committed 11904K, reserved 1048576K
}
Event: 615.852 GC heap after
{Heap after GC invocations=8299 (full 4):
 PSYoungGen      total 3584K, used 320K [0x00000000d5580000, 0x00000000d5b00000, 0x0000000100000000)
  eden space 3072K, 0% used [0x00000000d5580000,0x00000000d5580000,0x00000000d5880000)
  from space 512K, 62% used [0x00000000d5a80000,0x00000000d5ad0000,0x00000000d5b00000)
  to   space 512K, 0% used [0x00000000d5a00000,0x00000000d5a00000,0x00000000d5a80000)
 ParOldGen       total 991232K, used 991116K [0x0000000080000000, 0x00000000bc800000, 0x00000000d5580000)
  object space 991232K, 99% used [0x0000000080000000,0x00000000bc7e3228,0x00000000bc800000)
 Metaspace       used 88829K, committed 90688K, reserved 1179648K
  class space    used 11100K, committed 11904K, reserved 1048576K
}
Event: 615.904 GC heap before
{Heap before GC invocations=8300 (full 4):
 PSYoungGen      total 3584K, used 3392K [0x00000000d5580000, 0x00000000d5b00000, 0x0000000100000000)
  eden space 3072K, 100% used [0x00000000d5580000,0x00000000d5880000,0x00000000d5880000)
  from space 512K, 62% used [0x00000000d5a80000,0x00000000d5ad0000,0x00000000d5b00000)
  to   space 512K, 0% used [0x00000000d5a00000,0x00000000d5a00000,0x00000000d5a80000)
 ParOldGen       total 991232K, used 991116K [0x0000000080000000, 0x00000000bc800000, 0x00000000d5580000)
  object space 991232K, 99% used [0x0000000080000000,0x00000000bc7e3228,0x00000000bc800000)
 Metaspace       used 88830K, committed 90688K, reserved 1179648K
  class space    used 11100K, committed 11904K, reserved 1048576K
}
Event: 616.906 GC heap after
{Heap after GC invocations=8300 (full 4):
 PSYoungGen      total 4608K, used 384K [0x00000000d5580000, 0x00000000d5b00000, 0x0000000100000000)
  eden space 4096K, 0% used [0x00000000d5580000,0x00000000d5580000,0x00000000d5980000)
  from space 512K, 75% used [0x00000000d5a00000,0x00000000d5a60000,0x00000000d5a80000)
  to   space 512K, 0% used [0x00000000d5a80000,0x00000000d5a80000,0x00000000d5b00000)
 ParOldGen       total 991744K, used 991292K [0x0000000080000000, 0x00000000bc880000, 0x00000000d5580000)
  object space 991744K, 99% used [0x0000000080000000,0x00000000bc80f238,0x00000000bc880000)
 Metaspace       used 88830K, committed 90688K, reserved 1179648K
  class space    used 11100K, committed 11904K, reserved 1048576K
}
Event: 616.952 GC heap before
{Heap before GC invocations=8301 (full 4):
 PSYoungGen      total 4608K, used 4480K [0x00000000d5580000, 0x00000000d5b00000, 0x0000000100000000)
  eden space 4096K, 100% used [0x00000000d5580000,0x00000000d5980000,0x00000000d5980000)
  from space 512K, 75% used [0x00000000d5a00000,0x00000000d5a60000,0x00000000d5a80000)
  to   space 512K, 0% used [0x00000000d5a80000,0x00000000d5a80000,0x00000000d5b00000)
 ParOldGen       total 991744K, used 991292K [0x0000000080000000, 0x00000000bc880000, 0x00000000d5580000)
  object space 991744K, 99% used [0x0000000080000000,0x00000000bc80f238,0x00000000bc880000)
 Metaspace       used 88833K, committed 90688K, reserved 1179648K
  class space    used 11100K, committed 11904K, reserved 1048576K
}
Event: 616.954 GC heap after
{Heap after GC invocations=8301 (full 4):
 PSYoungGen      total 5120K, used 320K [0x00000000d5580000, 0x00000000d5b80000, 0x0000000100000000)
  eden space 4608K, 0% used [0x00000000d5580000,0x00000000d5580000,0x00000000d5a00000)
  from space 512K, 62% used [0x00000000d5a80000,0x00000000d5ad0000,0x00000000d5b00000)
  to   space 512K, 0% used [0x00000000d5a00000,0x00000000d5a00000,0x00000000d5a80000)
 ParOldGen       total 991744K, used 991468K [0x0000000080000000, 0x00000000bc880000, 0x00000000d5580000)
  object space 991744K, 99% used [0x0000000080000000,0x00000000bc83b238,0x00000000bc880000)
 Metaspace       used 88833K, committed 90688K, reserved 1179648K
  class space    used 11100K, committed 11904K, reserved 1048576K
}
Event: 617.054 GC heap before
{Heap before GC invocations=8302 (full 4):
 PSYoungGen      total 5120K, used 4928K [0x00000000d5580000, 0x00000000d5b80000, 0x0000000100000000)
  eden space 4608K, 100% used [0x00000000d5580000,0x00000000d5a00000,0x00000000d5a00000)
  from space 512K, 62% used [0x00000000d5a80000,0x00000000d5ad0000,0x00000000d5b00000)
  to   space 512K, 0% used [0x00000000d5a00000,0x00000000d5a00000,0x00000000d5a80000)
 ParOldGen       total 991744K, used 991468K [0x0000000080000000, 0x00000000bc880000, 0x00000000d5580000)
  object space 991744K, 99% used [0x0000000080000000,0x00000000bc83b238,0x00000000bc880000)
 Metaspace       used 88846K, committed 90688K, reserved 1179648K
  class space    used 11100K, committed 11904K, reserved 1048576K
}
Event: 617.057 GC heap after
{Heap after GC invocations=8302 (full 4):
 PSYoungGen      total 5120K, used 416K [0x00000000d5580000, 0x00000000d5b00000, 0x0000000100000000)
  eden space 4608K, 0% used [0x00000000d5580000,0x00000000d5580000,0x00000000d5a00000)
  from space 512K, 81% used [0x00000000d5a00000,0x00000000d5a68000,0x00000000d5a80000)
  to   space 512K, 0% used [0x00000000d5a80000,0x00000000d5a80000,0x00000000d5b00000)
 ParOldGen       total 991744K, used 991596K [0x0000000080000000, 0x00000000bc880000, 0x00000000d5580000)
  object space 991744K, 99% used [0x0000000080000000,0x00000000bc85b238,0x00000000bc880000)
 Metaspace       used 88846K, committed 90688K, reserved 1179648K
  class space    used 11100K, committed 11904K, reserved 1048576K
}
Event: 617.102 GC heap before
{Heap before GC invocations=8303 (full 4):
 PSYoungGen      total 5120K, used 5024K [0x00000000d5580000, 0x00000000d5b00000, 0x0000000100000000)
  eden space 4608K, 100% used [0x00000000d5580000,0x00000000d5a00000,0x00000000d5a00000)
  from space 512K, 81% used [0x00000000d5a00000,0x00000000d5a68000,0x00000000d5a80000)
  to   space 512K, 0% used [0x00000000d5a80000,0x00000000d5a80000,0x00000000d5b00000)
 ParOldGen       total 991744K, used 991596K [0x0000000080000000, 0x00000000bc880000, 0x00000000d5580000)
  object space 991744K, 99% used [0x0000000080000000,0x00000000bc85b238,0x00000000bc880000)
 Metaspace       used 88851K, committed 90688K, reserved 1179648K
  class space    used 11100K, committed 11904K, reserved 1048576K
}
Event: 617.105 GC heap after
{Heap after GC invocations=8303 (full 4):
 PSYoungGen      total 4096K, used 512K [0x00000000d5580000, 0x00000000d5d00000, 0x0000000100000000)
  eden space 3584K, 0% used [0x00000000d5580000,0x00000000d5580000,0x00000000d5900000)
  from space 512K, 100% used [0x00000000d5a80000,0x00000000d5b00000,0x00000000d5b00000)
  to   space 1536K, 0% used [0x00000000d5900000,0x00000000d5900000,0x00000000d5a80000)
 ParOldGen       total 992256K, used 992124K [0x0000000080000000, 0x00000000bc900000, 0x00000000d5580000)
  object space 992256K, 99% used [0x0000000080000000,0x00000000bc8df248,0x00000000bc900000)
 Metaspace       used 88851K, committed 90688K, reserved 1179648K
  class space    used 11100K, committed 11904K, reserved 1048576K
}
Event: 617.137 GC heap before
{Heap before GC invocations=8304 (full 4):
 PSYoungGen      total 4096K, used 4096K [0x00000000d5580000, 0x00000000d5d00000, 0x0000000100000000)
  eden space 3584K, 100% used [0x00000000d5580000,0x00000000d5900000,0x00000000d5900000)
  from space 512K, 100% used [0x00000000d5a80000,0x00000000d5b00000,0x00000000d5b00000)
  to   space 1536K, 0% used [0x00000000d5900000,0x00000000d5900000,0x00000000d5a80000)
 ParOldGen       total 992256K, used 992124K [0x0000000080000000, 0x00000000bc900000, 0x00000000d5580000)
  object space 992256K, 99% used [0x0000000080000000,0x00000000bc8df248,0x00000000bc900000)
 Metaspace       used 88851K, committed 90688K, reserved 1179648K
  class space    used 11100K, committed 11904K, reserved 1048576K
}
Event: 617.139 GC heap after
{Heap after GC invocations=8304 (full 4):
 PSYoungGen      total 5120K, used 160K [0x00000000d5580000, 0x00000000d5b00000, 0x0000000100000000)
  eden space 3584K, 0% used [0x00000000d5580000,0x00000000d5580000,0x00000000d5900000)
  from space 1536K, 10% used [0x00000000d5900000,0x00000000d5928000,0x00000000d5a80000)
  to   space 512K, 0% used [0x00000000d5a80000,0x00000000d5a80000,0x00000000d5b00000)
 ParOldGen       total 992768K, used 992636K [0x0000000080000000, 0x00000000bc980000, 0x00000000d5580000)
  object space 992768K, 99% used [0x0000000080000000,0x00000000bc95f248,0x00000000bc980000)
 Metaspace       used 88851K, committed 90688K, reserved 1179648K
  class space    used 11100K, committed 11904K, reserved 1048576K
}
Event: 617.166 GC heap before
{Heap before GC invocations=8305 (full 4):
 PSYoungGen      total 5120K, used 3744K [0x00000000d5580000, 0x00000000d5b00000, 0x0000000100000000)
  eden space 3584K, 100% used [0x00000000d5580000,0x00000000d5900000,0x00000000d5900000)
  from space 1536K, 10% used [0x00000000d5900000,0x00000000d5928000,0x00000000d5a80000)
  to   space 512K, 0% used [0x00000000d5a80000,0x00000000d5a80000,0x00000000d5b00000)
 ParOldGen       total 992768K, used 992636K [0x0000000080000000, 0x00000000bc980000, 0x00000000d5580000)
  object space 992768K, 99% used [0x0000000080000000,0x00000000bc95f248,0x00000000bc980000)
 Metaspace       used 88851K, committed 90688K, reserved 1179648K
  class space    used 11100K, committed 11904K, reserved 1048576K
}
Event: 617.168 GC heap after
{Heap after GC invocations=8305 (full 4):
 PSYoungGen      total 4096K, used 256K [0x00000000d5580000, 0x00000000d5b00000, 0x0000000100000000)
  eden space 3584K, 0% used [0x00000000d5580000,0x00000000d5580000,0x00000000d5900000)
  from space 512K, 50% used [0x00000000d5a80000,0x00000000d5ac0000,0x00000000d5b00000)
  to   space 512K, 0% used [0x00000000d5a00000,0x00000000d5a00000,0x00000000d5a80000)
 ParOldGen       total 992768K, used 992692K [0x0000000080000000, 0x00000000bc980000, 0x00000000d5580000)
  object space 992768K, 99% used [0x0000000080000000,0x00000000bc96d248,0x00000000bc980000)
 Metaspace       used 88851K, committed 90688K, reserved 1179648K
  class space    used 11100K, committed 11904K, reserved 1048576K
}
Event: 617.191 GC heap before
{Heap before GC invocations=8306 (full 4):
 PSYoungGen      total 4096K, used 3840K [0x00000000d5580000, 0x00000000d5b00000, 0x0000000100000000)
  eden space 3584K, 100% used [0x00000000d5580000,0x00000000d5900000,0x00000000d5900000)
  from space 512K, 50% used [0x00000000d5a80000,0x00000000d5ac0000,0x00000000d5b00000)
  to   space 512K, 0% used [0x00000000d5a00000,0x00000000d5a00000,0x00000000d5a80000)
 ParOldGen       total 992768K, used 992692K [0x0000000080000000, 0x00000000bc980000, 0x00000000d5580000)
  object space 992768K, 99% used [0x0000000080000000,0x00000000bc96d248,0x00000000bc980000)
 Metaspace       used 88851K, committed 90688K, reserved 1179648K
  class space    used 11100K, committed 11904K, reserved 1048576K
}
Event: 617.193 GC heap after
{Heap after GC invocations=8306 (full 4):
 PSYoungGen      total 4096K, used 288K [0x00000000d5580000, 0x00000000d5b00000, 0x0000000100000000)
  eden space 3584K, 0% used [0x00000000d5580000,0x00000000d5580000,0x00000000d5900000)
  from space 512K, 56% used [0x00000000d5a00000,0x00000000d5a48000,0x00000000d5a80000)
  to   space 512K, 0% used [0x00000000d5a80000,0x00000000d5a80000,0x00000000d5b00000)
 ParOldGen       total 992768K, used 992756K [0x0000000080000000, 0x00000000bc980000, 0x00000000d5580000)
  object space 992768K, 99% used [0x0000000080000000,0x00000000bc97d248,0x00000000bc980000)
 Metaspace       used 88851K, committed 90688K, reserved 1179648K
  class space    used 11100K, committed 11904K, reserved 1048576K
}
Event: 617.235 GC heap before
{Heap before GC invocations=8307 (full 4):
 PSYoungGen      total 4096K, used 3872K [0x00000000d5580000, 0x00000000d5b00000, 0x0000000100000000)
  eden space 3584K, 100% used [0x00000000d5580000,0x00000000d5900000,0x00000000d5900000)
  from space 512K, 56% used [0x00000000d5a00000,0x00000000d5a48000,0x00000000d5a80000)
  to   space 512K, 0% used [0x00000000d5a80000,0x00000000d5a80000,0x00000000d5b00000)
 ParOldGen       total 992768K, used 992756K [0x0000000080000000, 0x00000000bc980000, 0x00000000d5580000)
  object space 992768K, 99% used [0x0000000080000000,0x00000000bc97d248,0x00000000bc980000)
 Metaspace       used 88851K, committed 90688K, reserved 1179648K
  class space    used 11100K, committed 11904K, reserved 1048576K
}
Event: 618.177 GC heap after
{Heap after GC invocations=8307 (full 4):
 PSYoungGen      total 5120K, used 352K [0x00000000d5580000, 0x00000000d5b00000, 0x0000000100000000)
  eden space 4608K, 0% used [0x00000000d5580000,0x00000000d5580000,0x00000000d5a00000)
  from space 512K, 68% used [0x00000000d5a80000,0x00000000d5ad8000,0x00000000d5b00000)
  to   space 512K, 0% used [0x00000000d5a00000,0x00000000d5a00000,0x00000000d5a80000)
 ParOldGen       total 993280K, used 992844K [0x0000000080000000, 0x00000000bca00000, 0x00000000d5580000)
  object space 993280K, 99% used [0x0000000080000000,0x00000000bc993248,0x00000000bca00000)
 Metaspace       used 88851K, committed 90688K, reserved 1179648K
  class space    used 11100K, committed 11904K, reserved 1048576K
}

Dll operation events (16 events):
Event: 0.019 Loaded shared library c:\Users\mahes\.vscode\extensions\redhat.java-1.53.0-win32-x64\jre\21.0.10-win32-x86_64\bin\java.dll
Event: 0.185 Loaded shared library c:\Users\mahes\.vscode\extensions\redhat.java-1.53.0-win32-x64\jre\21.0.10-win32-x86_64\bin\zip.dll
Event: 0.223 Loaded shared library C:\Users\mahes\.vscode\extensions\redhat.java-1.53.0-win32-x64\jre\21.0.10-win32-x86_64\bin\instrument.dll
Event: 0.241 Loaded shared library C:\Users\mahes\.vscode\extensions\redhat.java-1.53.0-win32-x64\jre\21.0.10-win32-x86_64\bin\net.dll
Event: 0.246 Loaded shared library C:\Users\mahes\.vscode\extensions\redhat.java-1.53.0-win32-x64\jre\21.0.10-win32-x86_64\bin\nio.dll
Event: 0.253 Loaded shared library C:\Users\mahes\.vscode\extensions\redhat.java-1.53.0-win32-x64\jre\21.0.10-win32-x86_64\bin\zip.dll
Event: 0.285 Loaded shared library C:\Users\mahes\.vscode\extensions\redhat.java-1.53.0-win32-x64\jre\21.0.10-win32-x86_64\bin\jimage.dll
Event: 0.434 Loaded shared library c:\Users\mahes\.vscode\extensions\redhat.java-1.53.0-win32-x64\jre\21.0.10-win32-x86_64\bin\verify.dll
Event: 2.330 Loaded shared library C:\Users\mahes\AppData\Roaming\Code\User\globalStorage\redhat.java\1.53.0\config_win\org.eclipse.equinox.launcher\org.eclipse.equinox.launcher.win32.win32.x86_64_1.3.0.v20260203-2149\eclipse_11919.dll
Event: 4.320 Loaded shared library C:\Users\mahes\AppData\Local\Temp\jna-103656706\jna10211966314004568296.dll
Event: 5.889 Loaded shared library C:\Users\mahes\.vscode\extensions\redhat.java-1.53.0-win32-x64\jre\21.0.10-win32-x86_64\bin\sunmscapi.dll
Event: 5.983 Loaded shared library C:\Users\mahes\.vscode\extensions\redhat.java-1.53.0-win32-x64\jre\21.0.10-win32-x86_64\bin\extnet.dll
Event: 6.759 Loaded shared library C:\Users\mahes\.gradle\native\1def1411415f61bf3af743bc5b6707747c0891f09f0c88961ee8f79bc544acac\windows-amd64\native-platform.dll
Event: 8.784 Loaded shared library C:\Users\mahes\.vscode\extensions\redhat.java-1.53.0-win32-x64\jre\21.0.10-win32-x86_64\bin\management.dll
Event: 8.788 Loaded shared library C:\Users\mahes\.vscode\extensions\redhat.java-1.53.0-win32-x64\jre\21.0.10-win32-x86_64\bin\management_ext.dll
Event: 522.062 Loaded shared library C:\Users\mahes\.gradle\native\c067742578af261105cb4f569cf0c3c89f3d7b1fecec35dd04571415982c5e48\windows-amd64\native-platform.dll

Deoptimization events (20 events):
Event: 613.025 Thread 0x000001fb50584c40 DEOPT PACKING pc=0x000001fb08bca0ac sp=0x000000754f0ff100
Event: 613.026 Thread 0x000001fb50584c40 DEOPT UNPACKING pc=0x000001fb07583aa2 sp=0x000000754f0fefa0 mode 2
Event: 613.124 Thread 0x000001fb50584c40 Uncommon trap: trap_request=0xffffffd6 fr.pc=0x000001fb08bca0ac relative=0x00000000000003ec
Event: 613.124 Thread 0x000001fb50584c40 Uncommon trap: reason=array_check action=maybe_recompile pc=0x000001fb08bca0ac method=java.util.concurrent.ScheduledThreadPoolExecutor$DelayedWorkQueue.offer(Ljava/lang/Runnable;)Z @ 65 c2
Event: 613.124 Thread 0x000001fb50584c40 DEOPT PACKING pc=0x000001fb08bca0ac sp=0x000000754f0ff100
Event: 613.124 Thread 0x000001fb50584c40 DEOPT UNPACKING pc=0x000001fb07583aa2 sp=0x000000754f0fefa0 mode 2
Event: 613.224 Thread 0x000001fb50584c40 Uncommon trap: trap_request=0xffffffd6 fr.pc=0x000001fb08bca0ac relative=0x00000000000003ec
Event: 613.224 Thread 0x000001fb50584c40 Uncommon trap: reason=array_check action=maybe_recompile pc=0x000001fb08bca0ac method=java.util.concurrent.ScheduledThreadPoolExecutor$DelayedWorkQueue.offer(Ljava/lang/Runnable;)Z @ 65 c2
Event: 613.224 Thread 0x000001fb50584c40 DEOPT PACKING pc=0x000001fb08bca0ac sp=0x000000754f0ff100
Event: 613.224 Thread 0x000001fb50584c40 DEOPT UNPACKING pc=0x000001fb07583aa2 sp=0x000000754f0fefa0 mode 2
Event: 613.324 Thread 0x000001fb50584c40 Uncommon trap: trap_request=0xffffffd6 fr.pc=0x000001fb08bca0ac relative=0x00000000000003ec
Event: 613.324 Thread 0x000001fb50584c40 Uncommon trap: reason=array_check action=maybe_recompile pc=0x000001fb08bca0ac method=java.util.concurrent.ScheduledThreadPoolExecutor$DelayedWorkQueue.offer(Ljava/lang/Runnable;)Z @ 65 c2
Event: 613.324 Thread 0x000001fb50584c40 DEOPT PACKING pc=0x000001fb08bca0ac sp=0x000000754f0ff100
Event: 613.324 Thread 0x000001fb50584c40 DEOPT UNPACKING pc=0x000001fb07583aa2 sp=0x000000754f0fefa0 mode 2
Event: 613.424 Thread 0x000001fb50584c40 Uncommon trap: trap_request=0xffffffd6 fr.pc=0x000001fb08bcaea0 relative=0x00000000000003e0
Event: 613.424 Thread 0x000001fb50584c40 Uncommon trap: reason=array_check action=maybe_recompile pc=0x000001fb08bcaea0 method=java.util.concurrent.ScheduledThreadPoolExecutor$DelayedWorkQueue.offer(Ljava/lang/Runnable;)Z @ 65 c2
Event: 613.425 Thread 0x000001fb50584c40 DEOPT PACKING pc=0x000001fb08bcaea0 sp=0x000000754f0ff050
Event: 613.425 Thread 0x000001fb50584c40 DEOPT UNPACKING pc=0x000001fb07583aa2 sp=0x000000754f0fefc0 mode 2
Event: 615.099 Thread 0x000001fb7fcb0420 DEOPT PACKING pc=0x000001fb01e5a239 sp=0x000000754c7fe670
Event: 615.099 Thread 0x000001fb7fcb0420 DEOPT UNPACKING pc=0x000001fb07584242 sp=0x000000754c7fdb70 mode 0

Classes loaded (20 events):
Event: 453.033 Loading class sun/security/ssl/EncryptedExtensions$EncryptedExtensionsMessage
Event: 453.036 Loading class sun/security/ssl/EncryptedExtensions$EncryptedExtensionsMessage done
Event: 453.180 Loading class sun/security/ssl/CertificateMessage$T13CertificateMessage
Event: 453.183 Loading class sun/security/ssl/CertificateMessage$T13CertificateMessage done
Event: 453.184 Loading class sun/security/ssl/CertificateMessage$CertificateEntry
Event: 453.185 Loading class sun/security/ssl/CertificateMessage$CertificateEntry done
Event: 453.268 Loading class sun/security/ssl/CertificateVerify$T13CertificateVerifyMessage
Event: 453.276 Loading class sun/security/ssl/CertificateVerify$T13CertificateVerifyMessage done
Event: 453.281 Loading class sun/security/ssl/SSLBasicKeyDerivation
Event: 453.284 Loading class sun/security/ssl/SSLBasicKeyDerivation done
Event: 453.284 Loading class sun/security/ssl/SSLBasicKeyDerivation$SecretSizeSpec
Event: 453.285 Loading class sun/security/ssl/SSLBasicKeyDerivation$SecretSizeSpec done
Event: 453.305 Loading class sun/security/ssl/PostHandshakeContext
Event: 453.308 Loading class sun/security/ssl/PostHandshakeContext done
Event: 453.309 Loading class sun/security/ssl/NewSessionTicket$T13NewSessionTicketMessage
Event: 453.311 Loading class sun/security/ssl/NewSessionTicket$T13NewSessionTicketMessage done
Event: 453.717 Loading class sun/security/rsa/MGF1
Event: 453.720 Loading class sun/security/rsa/MGF1 done
Event: 524.113 Loading class java/nio/file/AtomicMoveNotSupportedException
Event: 524.116 Loading class java/nio/file/AtomicMoveNotSupportedException done

Classes unloaded (7 events):
Event: 4.927 Thread 0x000001fb6dfaeaf0 Unloading class 0x000001fb101ad400 'java/lang/invoke/LambdaForm$MH+0x000001fb101ad400'
Event: 4.927 Thread 0x000001fb6dfaeaf0 Unloading class 0x000001fb101ad000 'java/lang/invoke/LambdaForm$MH+0x000001fb101ad000'
Event: 4.927 Thread 0x000001fb6dfaeaf0 Unloading class 0x000001fb101acc00 'java/lang/invoke/LambdaForm$MH+0x000001fb101acc00'
Event: 4.927 Thread 0x000001fb6dfaeaf0 Unloading class 0x000001fb101ac800 'java/lang/invoke/LambdaForm$MH+0x000001fb101ac800'
Event: 4.927 Thread 0x000001fb6dfaeaf0 Unloading class 0x000001fb101ac400 'java/lang/invoke/LambdaForm$BMH+0x000001fb101ac400'
Event: 4.927 Thread 0x000001fb6dfaeaf0 Unloading class 0x000001fb101ac000 'java/lang/invoke/LambdaForm$DMH+0x000001fb101ac000'
Event: 4.927 Thread 0x000001fb6dfaeaf0 Unloading class 0x000001fb101aac00 'java/lang/invoke/LambdaForm$DMH+0x000001fb101aac00'

Classes redefined (0 events):
No events

Internal exceptions (20 events):
Event: 616.960 Thread 0x000001fb7fcb0420 Exception <a 'sun/nio/fs/WindowsException'{0x00000000d562e550}> (0x00000000d562e550) 
thrown [s\src\hotspot\share\prims\jni.cpp, line 520]
Event: 616.960 Thread 0x000001fb7fcb0420 Exception <a 'sun/nio/fs/WindowsException'{0x00000000d562ed68}> (0x00000000d562ed68) 
thrown [s\src\hotspot\share\prims\jni.cpp, line 520]
Event: 616.961 Thread 0x000001fb7fcb0420 Exception <a 'sun/nio/fs/WindowsException'{0x00000000d56717e8}> (0x00000000d56717e8) 
thrown [s\src\hotspot\share\prims\jni.cpp, line 520]
Event: 616.961 Thread 0x000001fb7fcb0420 Exception <a 'sun/nio/fs/WindowsException'{0x00000000d56722b0}> (0x00000000d56722b0) 
thrown [s\src\hotspot\share\prims\jni.cpp, line 520]
Event: 616.966 Thread 0x000001fb7fcb0420 Exception <a 'sun/nio/fs/WindowsException'{0x00000000d56910f0}> (0x00000000d56910f0) 
thrown [s\src\hotspot\share\prims\jni.cpp, line 520]
Event: 616.966 Thread 0x000001fb7fcb0420 Exception <a 'sun/nio/fs/WindowsException'{0x00000000d5691908}> (0x00000000d5691908) 
thrown [s\src\hotspot\share\prims\jni.cpp, line 520]
Event: 616.967 Thread 0x000001fb7fcb0420 Exception <a 'sun/nio/fs/WindowsException'{0x00000000d56d4100}> (0x00000000d56d4100) 
thrown [s\src\hotspot\share\prims\jni.cpp, line 520]
Event: 616.967 Thread 0x000001fb7fcb0420 Exception <a 'sun/nio/fs/WindowsException'{0x00000000d56d4bc8}> (0x00000000d56d4bc8) 
thrown [s\src\hotspot\share\prims\jni.cpp, line 520]
Event: 617.053 Thread 0x000001fb7fcb0420 Exception <a 'sun/nio/fs/WindowsException'{0x00000000d59afbc0}> (0x00000000d59afbc0) 
thrown [s\src\hotspot\share\prims\jni.cpp, line 520]
Event: 617.053 Thread 0x000001fb7fcb0420 Exception <a 'sun/nio/fs/WindowsException'{0x00000000d59b03d8}> (0x00000000d59b03d8) 
thrown [s\src\hotspot\share\prims\jni.cpp, line 520]
Event: 617.059 Thread 0x000001fb7fcb0420 Exception <a 'sun/nio/fs/WindowsException'{0x00000000d55f18f0}> (0x00000000d55f18f0) 
thrown [s\src\hotspot\share\prims\jni.cpp, line 520]
Event: 617.059 Thread 0x000001fb7fcb0420 Exception <a 'sun/nio/fs/WindowsException'{0x00000000d55f23b8}> (0x00000000d55f23b8) 
thrown [s\src\hotspot\share\prims\jni.cpp, line 520]
Event: 617.061 Thread 0x000001fb7fcb0420 Exception <a 'sun/nio/fs/WindowsException'{0x00000000d5616410}> (0x00000000d5616410) 
thrown [s\src\hotspot\share\prims\jni.cpp, line 520]
Event: 617.061 Thread 0x000001fb7fcb0420 Exception <a 'sun/nio/fs/WindowsException'{0x00000000d5616c28}> (0x00000000d5616c28) 
thrown [s\src\hotspot\share\prims\jni.cpp, line 520]
Event: 617.062 Thread 0x000001fb7fcb0420 Exception <a 'sun/nio/fs/WindowsException'{0x00000000d56d7af0}> (0x00000000d56d7af0) 
thrown [s\src\hotspot\share\prims\jni.cpp, line 520]
Event: 617.063 Thread 0x000001fb7fcb0420 Exception <a 'sun/nio/fs/WindowsException'{0x00000000d56d85b8}> (0x00000000d56d85b8) 
thrown [s\src\hotspot\share\prims\jni.cpp, line 520]
Event: 617.064 Thread 0x000001fb7fcb0420 Exception <a 'sun/nio/fs/WindowsException'{0x00000000d56fccb0}> (0x00000000d56fccb0) 
thrown [s\src\hotspot\share\prims\jni.cpp, line 520]
Event: 617.064 Thread 0x000001fb7fcb0420 Exception <a 'sun/nio/fs/WindowsException'{0x00000000d56fd4c8}> (0x00000000d56fd4c8) 
thrown [s\src\hotspot\share\prims\jni.cpp, line 520]
Event: 617.065 Thread 0x000001fb7fcb0420 Exception <a 'sun/nio/fs/WindowsException'{0x00000000d57be428}> (0x00000000d57be428) 
thrown [s\src\hotspot\share\prims\jni.cpp, line 520]
Event: 617.065 Thread 0x000001fb7fcb0420 Exception <a 'sun/nio/fs/WindowsException'{0x00000000d57beef0}> (0x00000000d57beef0) 
thrown [s\src\hotspot\share\prims\jni.cpp, line 520]

ZGC Phase Switch (0 events):
No events

VM Operations (20 events):
Event: 615.619 Executing safepoint VM operation: ParallelGCFailedAllocation (Allocation Failure)
Event: 615.621 Executing safepoint VM operation: ParallelGCFailedAllocation (Allocation Failure) done
Event: 615.850 Executing safepoint VM operation: ParallelGCFailedAllocation (Allocation Failure)
Event: 615.852 Executing safepoint VM operation: ParallelGCFailedAllocation (Allocation Failure) done
Event: 615.904 Executing safepoint VM operation: ParallelGCFailedAllocation (Allocation Failure)
Event: 616.906 Executing safepoint VM operation: ParallelGCFailedAllocation (Allocation Failure) done
Event: 616.952 Executing safepoint VM operation: ParallelGCFailedAllocation (Allocation Failure)
Event: 616.954 Executing safepoint VM operation: ParallelGCFailedAllocation (Allocation Failure) done
Event: 617.054 Executing safepoint VM operation: ParallelGCFailedAllocation (Allocation Failure)
Event: 617.057 Executing safepoint VM operation: ParallelGCFailedAllocation (Allocation Failure) done
Event: 617.102 Executing safepoint VM operation: ParallelGCFailedAllocation (Allocation Failure)
Event: 617.105 Executing safepoint VM operation: ParallelGCFailedAllocation (Allocation Failure) done
Event: 617.137 Executing safepoint VM operation: ParallelGCFailedAllocation (Allocation Failure)
Event: 617.139 Executing safepoint VM operation: ParallelGCFailedAllocation (Allocation Failure) done
Event: 617.166 Executing safepoint VM operation: ParallelGCFailedAllocation (Allocation Failure)
Event: 617.168 Executing safepoint VM operation: ParallelGCFailedAllocation (Allocation Failure) done
Event: 617.191 Executing safepoint VM operation: ParallelGCFailedAllocation (Allocation Failure)
Event: 617.193 Executing safepoint VM operation: ParallelGCFailedAllocation (Allocation Failure) done
Event: 617.235 Executing safepoint VM operation: ParallelGCFailedAllocation (Allocation Failure)
Event: 618.177 Executing safepoint VM operation: ParallelGCFailedAllocation (Allocation Failure) done

Memory protections (0 events):
No events

Nmethod flushes (20 events):
Event: 180.489 Thread 0x000001fb6dfaeaf0 flushing  nmethod 0x000001fb00bc0b90
Event: 180.489 Thread 0x000001fb6dfaeaf0 flushing  nmethod 0x000001fb00bc0f90
Event: 180.489 Thread 0x000001fb6dfaeaf0 flushing  nmethod 0x000001fb00bc2010
Event: 180.489 Thread 0x000001fb6dfaeaf0 flushing  nmethod 0x000001fb00bc4490
Event: 180.489 Thread 0x000001fb6dfaeaf0 flushing  nmethod 0x000001fb00bcae90
Event: 180.489 Thread 0x000001fb6dfaeaf0 flushing  nmethod 0x000001fb00bcea10
Event: 180.489 Thread 0x000001fb6dfaeaf0 flushing  nmethod 0x000001fb00bdbb90
Event: 180.489 Thread 0x000001fb6dfaeaf0 flushing  nmethod 0x000001fb00be1990
Event: 180.489 Thread 0x000001fb6dfaeaf0 flushing  nmethod 0x000001fb00bebf10
Event: 180.489 Thread 0x000001fb6dfaeaf0 flushing  nmethod 0x000001fb00bef510
Event: 180.489 Thread 0x000001fb6dfaeaf0 flushing  nmethod 0x000001fb00befe10
Event: 180.489 Thread 0x000001fb6dfaeaf0 flushing  nmethod 0x000001fb00bf1610
Event: 180.489 Thread 0x000001fb6dfaeaf0 flushing  nmethod 0x000001fb00bfa090
Event: 180.489 Thread 0x000001fb6dfaeaf0 flushing  nmethod 0x000001fb00bff490
Event: 180.489 Thread 0x000001fb6dfaeaf0 flushing  nmethod 0x000001fb00c04290
Event: 180.489 Thread 0x000001fb6dfaeaf0 flushing  nmethod 0x000001fb00c09e90
Event: 180.489 Thread 0x000001fb6dfaeaf0 flushing  nmethod 0x000001fb00c1d110
Event: 180.489 Thread 0x000001fb6dfaeaf0 flushing  nmethod 0x000001fb00c20510
Event: 180.489 Thread 0x000001fb6dfaeaf0 flushing  nmethod 0x000001fb00c23d10
Event: 180.489 Thread 0x000001fb6dfaeaf0 flushing  nmethod 0x000001fb00c67c90

Events (20 events):
Event: 565.359 Thread 0x000001fb7f786d00 Thread added: 0x000001fb52fc2140
Event: 565.943 Thread 0x000001fb7fcb0420 Thread added: 0x000001fb52fc0700
Event: 565.948 Thread 0x000001fb7fcb0420 Thread added: 0x000001fb52fc1420
Event: 566.014 Thread 0x000001fb52fc1420 Thread exited: 0x000001fb52fc1420
Event: 566.015 Thread 0x000001fb7fcb0420 Thread added: 0x000001fb52fbecc0
Event: 566.017 Thread 0x000001fb7fcb0420 Thread added: 0x000001fb52fc1420
Event: 566.124 Thread 0x000001fb52fc1420 Thread added: 0x000001fb50584c40
Event: 584.797 Thread 0x000001fb555ed170 Thread exited: 0x000001fb555ed170
Event: 584.797 Thread 0x000001fb555eb0a0 Thread exited: 0x000001fb555eb0a0
Event: 584.800 Thread 0x000001fb555ecae0 Thread exited: 0x000001fb555ecae0
Event: 614.896 Thread 0x000001fb52fc1420 Thread added: 0x000001fb50586680
Event: 614.925 Thread 0x000001fb50586680 Thread exited: 0x000001fb50586680
Event: 614.941 Thread 0x000001fb50584c40 Thread exited: 0x000001fb50584c40
Event: 614.974 Thread 0x000001fb52fc1420 Thread exited: 0x000001fb52fc1420
Event: 615.128 Thread 0x000001fb7fcb0420 Thread added: 0x000001fb50585960
Event: 615.161 Thread 0x000001fb7fcb0420 Thread added: 0x000001fb50586680
Event: 615.363 Thread 0x000001fb50586680 Thread exited: 0x000001fb50586680
Event: 615.368 Thread 0x000001fb7fcb0420 Thread added: 0x000001fb50583890
Event: 615.369 Thread 0x000001fb7fcb0420 Thread added: 0x000001fb50586680
Event: 615.384 Thread 0x000001fb50586680 Thread exited: 0x000001fb50586680


Dynamic libraries:
0x00007ff768780000 - 0x00007ff76878e000 	c:\Users\mahes\.vscode\extensions\redhat.java-1.53.0-win32-x64\jre\21.0.10-win32-x86_64\bin\java.exe
0x00007ffb52be0000 - 0x00007ffb52e47000 	C:\WINDOWS\SYSTEM32\ntdll.dll
0x00007ffb52360000 - 0x00007ffb52429000 	C:\WINDOWS\System32\KERNEL32.DLL
0x00007ffb4f580000 - 0x00007ffb4f971000 	C:\WINDOWS\System32\KERNELBASE.dll
0x00007ffb507a0000 - 0x00007ffb508eb000 	C:\WINDOWS\System32\ucrtbase.dll
0x00007ffad77c0000 - 0x00007ffad77d8000 	c:\Users\mahes\.vscode\extensions\redhat.java-1.53.0-win32-x64\jre\21.0.10-win32-x86_64\bin\jli.dll
0x00007ffad11a0000 - 0x00007ffad11be000 	c:\Users\mahes\.vscode\extensions\redhat.java-1.53.0-win32-x64\jre\21.0.10-win32-x86_64\bin\VCRUNTIME140.dll
0x00007ffb50bf0000 - 0x00007ffb50db5000 	C:\WINDOWS\System32\USER32.dll
0x00007ffb4ff00000 - 0x00007ffb4ff27000 	C:\WINDOWS\System32\win32u.dll
0x00007ffb33e40000 - 0x00007ffb340d3000 	C:\WINDOWS\WinSxS\amd64_microsoft.windows.common-controls_6595b64144ccf1df_6.0.26100.8037_none_3e092faae333b53b\COMCTL32.dll
0x00007ffb52a70000 - 0x00007ffb52a9b000 	C:\WINDOWS\System32\GDI32.dll
0x00007ffb528e0000 - 0x00007ffb52989000 	C:\WINDOWS\System32\msvcrt.dll
0x00007ffb4f980000 - 0x00007ffb4faab000 	C:\WINDOWS\System32\gdi32full.dll
0x00007ffb4fce0000 - 0x00007ffb4fd83000 	C:\WINDOWS\System32\msvcp_win.dll
0x00007ffb50a50000 - 0x00007ffb50a81000 	C:\WINDOWS\System32\IMM32.DLL
0x00007ffb328c0000 - 0x00007ffb328cc000 	c:\Users\mahes\.vscode\extensions\redhat.java-1.53.0-win32-x64\jre\21.0.10-win32-x86_64\bin\vcruntime140_1.dll
0x00007ffabd400000 - 0x00007ffabd48d000 	c:\Users\mahes\.vscode\extensions\redhat.java-1.53.0-win32-x64\jre\21.0.10-win32-x86_64\bin\msvcp140.dll
0x00007ffa625a0000 - 0x00007ffa63341000 	c:\Users\mahes\.vscode\extensions\redhat.java-1.53.0-win32-x64\jre\21.0.10-win32-x86_64\bin\server\jvm.dll
0x00007ffb50990000 - 0x00007ffb50a4b000 	C:\WINDOWS\System32\ADVAPI32.dll
0x00007ffb52730000 - 0x00007ffb527d7000 	C:\WINDOWS\System32\sechost.dll
0x00007ffb52510000 - 0x00007ffb52628000 	C:\WINDOWS\System32\RPCRT4.dll
0x00007ffb52630000 - 0x00007ffb526a4000 	C:\WINDOWS\System32\WS2_32.dll
0x00007ffb40120000 - 0x00007ffb40155000 	C:\WINDOWS\SYSTEM32\WINMM.dll
0x00007ffb4f340000 - 0x00007ffb4f39e000 	C:\WINDOWS\SYSTEM32\POWRPROF.dll
0x00007ffb46ef0000 - 0x00007ffb46efb000 	C:\WINDOWS\SYSTEM32\VERSION.dll
0x00007ffb4f320000 - 0x00007ffb4f334000 	C:\WINDOWS\SYSTEM32\UMPDC.dll
0x00007ffb4e220000 - 0x00007ffb4e23b000 	C:\WINDOWS\SYSTEM32\kernel.appcore.dll
0x00007ffb17c40000 - 0x00007ffb17c4a000 	c:\Users\mahes\.vscode\extensions\redhat.java-1.53.0-win32-x64\jre\21.0.10-win32-x86_64\bin\jimage.dll
0x00007ffb449c0000 - 0x00007ffb44c02000 	C:\WINDOWS\SYSTEM32\DBGHELP.DLL
0x00007ffb51750000 - 0x00007ffb51ad2000 	C:\WINDOWS\System32\combase.dll
0x00007ffb52990000 - 0x00007ffb52a67000 	C:\WINDOWS\System32\OLEAUT32.dll
0x00007ffb3a2b0000 - 0x00007ffb3a2eb000 	C:\WINDOWS\SYSTEM32\dbgcore.DLL
0x00007ffb4fc30000 - 0x00007ffb4fcd5000 	C:\WINDOWS\System32\bcryptPrimitives.dll
0x00007ffadc4e0000 - 0x00007ffadc4ef000 	c:\Users\mahes\.vscode\extensions\redhat.java-1.53.0-win32-x64\jre\21.0.10-win32-x86_64\bin\instrument.dll
0x00007ffadc820000 - 0x00007ffadc840000 	c:\Users\mahes\.vscode\extensions\redhat.java-1.53.0-win32-x64\jre\21.0.10-win32-x86_64\bin\java.dll
0x00007ffb51bf0000 - 0x00007ffb5234f000 	C:\WINDOWS\System32\SHELL32.dll
0x00007ffb4fd90000 - 0x00007ffb4fefa000 	C:\WINDOWS\System32\wintypes.dll
0x00007ffb4ff30000 - 0x00007ffb50794000 	C:\WINDOWS\System32\windows.storage.dll
0x00007ffb527e0000 - 0x00007ffb528d7000 	C:\WINDOWS\System32\SHCORE.dll
0x00007ffb50ec0000 - 0x00007ffb50f27000 	C:\WINDOWS\System32\shlwapi.dll
0x00007ffb4f3e0000 - 0x00007ffb4f409000 	C:\WINDOWS\SYSTEM32\profapi.dll
0x00007ffad1460000 - 0x00007ffad1478000 	c:\Users\mahes\.vscode\extensions\redhat.java-1.53.0-win32-x64\jre\21.0.10-win32-x86_64\bin\zip.dll
0x00007ffad7920000 - 0x00007ffad7930000 	C:\Users\mahes\.vscode\extensions\redhat.java-1.53.0-win32-x64\jre\21.0.10-win32-x86_64\bin\net.dll
0x00007ffb48110000 - 0x00007ffb48237000 	C:\WINDOWS\SYSTEM32\WINHTTP.dll
0x00007ffb4e7a0000 - 0x00007ffb4e80b000 	C:\WINDOWS\system32\mswsock.dll
0x00007ffac80c0000 - 0x00007ffac80d6000 	C:\Users\mahes\.vscode\extensions\redhat.java-1.53.0-win32-x64\jre\21.0.10-win32-x86_64\bin\nio.dll
0x00007ffad1450000 - 0x00007ffad1460000 	c:\Users\mahes\.vscode\extensions\redhat.java-1.53.0-win32-x64\jre\21.0.10-win32-x86_64\bin\verify.dll
0x00007ffac1f00000 - 0x00007ffac1f45000 	C:\Users\mahes\AppData\Roaming\Code\User\globalStorage\redhat.java\1.53.0\config_win\org.eclipse.equinox.launcher\org.eclipse.equinox.launcher.win32.win32.x86_64_1.3.0.v20260203-2149\eclipse_11919.dll
0x00007ffb50f30000 - 0x00007ffb510c5000 	C:\WINDOWS\System32\ole32.dll
0x00007ffb4eab0000 - 0x00007ffb4eacb000 	C:\WINDOWS\SYSTEM32\CRYPTSP.dll
0x00007ffb4e180000 - 0x00007ffb4e1b9000 	C:\WINDOWS\system32\rsaenh.dll
0x00007ffb4e850000 - 0x00007ffb4e882000 	C:\WINDOWS\SYSTEM32\USERENV.dll
0x00007ffb4f3b0000 - 0x00007ffb4f3da000 	C:\WINDOWS\SYSTEM32\bcrypt.dll
0x00007ffb4eaa0000 - 0x00007ffb4eaac000 	C:\WINDOWS\SYSTEM32\CRYPTBASE.dll
0x00007ffb4db20000 - 0x00007ffb4db53000 	C:\WINDOWS\SYSTEM32\IPHLPAPI.DLL
0x00007ffb51740000 - 0x00007ffb5174a000 	C:\WINDOWS\System32\NSI.dll
0x00007ffaaa540000 - 0x00007ffaaa589000 	C:\Users\mahes\AppData\Local\Temp\jna-103656706\jna10211966314004568296.dll
0x00007ffb50980000 - 0x00007ffb50988000 	C:\WINDOWS\System32\PSAPI.DLL
0x00007ffb48f20000 - 0x00007ffb48f3d000 	C:\WINDOWS\SYSTEM32\dhcpcsvc6.DLL
0x00007ffb48e50000 - 0x00007ffb48e73000 	C:\WINDOWS\SYSTEM32\dhcpcsvc.DLL
0x00007ffac80e0000 - 0x00007ffac80ee000 	C:\Users\mahes\.vscode\extensions\redhat.java-1.53.0-win32-x64\jre\21.0.10-win32-x86_64\bin\sunmscapi.dll
0x00007ffb4fab0000 - 0x00007ffb4fc27000 	C:\WINDOWS\System32\CRYPT32.dll
0x00007ffb4ecc0000 - 0x00007ffb4ecf0000 	C:\WINDOWS\SYSTEM32\ncrypt.dll
0x00007ffb4ec70000 - 0x00007ffb4ecaf000 	C:\WINDOWS\SYSTEM32\NTASN1.dll
0x00007ffb4dc90000 - 0x00007ffb4ddba000 	C:\WINDOWS\SYSTEM32\DNSAPI.dll
0x00007ffb47f20000 - 0x00007ffb47f2b000 	C:\Windows\System32\rasadhlp.dll
0x00007ffb49680000 - 0x00007ffb49706000 	C:\WINDOWS\System32\fwpuclnt.dll
0x00007ffac5b30000 - 0x00007ffac5b39000 	C:\Users\mahes\.vscode\extensions\redhat.java-1.53.0-win32-x64\jre\21.0.10-win32-x86_64\bin\extnet.dll
0x00007ffaaa490000 - 0x00007ffaaa4b7000 	C:\Users\mahes\.gradle\native\1def1411415f61bf3af743bc5b6707747c0891f09f0c88961ee8f79bc544acac\windows-amd64\native-platform.dll
0x00007ffad1190000 - 0x00007ffad119a000 	C:\Users\mahes\.vscode\extensions\redhat.java-1.53.0-win32-x64\jre\21.0.10-win32-x86_64\bin\management.dll
0x00007ffac80f0000 - 0x00007ffac80fc000 	C:\Users\mahes\.vscode\extensions\redhat.java-1.53.0-win32-x64\jre\21.0.10-win32-x86_64\bin\management_ext.dll
0x00007ffb02330000 - 0x00007ffb02338000 	C:\WINDOWS\system32\wshunix.dll
0x00007ffac81b0000 - 0x00007ffac81d7000 	C:\Users\mahes\.gradle\native\c067742578af261105cb4f569cf0c3c89f3d7b1fecec35dd04571415982c5e48\windows-amd64\native-platform.dll

JVMTI agents:
c:\Users\mahes\.vscode\extensions\redhat.java-1.53.0-win32-x64\lombok\lombok-1.18.39-4050.jar path:c:\Users\mahes\.vscode\extensions\redhat.java-1.53.0-win32-x64\jre\21.0.10-win32-x86_64\bin\instrument.dll, loaded, initialized, instrumentlib options:none

dbghelp: loaded successfully - version: 4.0.5 - missing functions: none
symbol engine: initialized successfully - sym options: 0x614 - pdb path: .;c:\Users\mahes\.vscode\extensions\redhat.java-1.53.0-win32-x64\jre\21.0.10-win32-x86_64\bin;C:\WINDOWS\SYSTEM32;C:\WINDOWS\WinSxS\amd64_microsoft.windows.common-controls_6595b64144ccf1df_6.0.26100.8037_none_3e092faae333b53b;c:\Users\mahes\.vscode\extensions\redhat.java-1.53.0-win32-x64\jre\21.0.10-win32-x86_64\bin\server;C:\Users\mahes\AppData\Roaming\Code\User\globalStorage\redhat.java\1.53.0\config_win\org.eclipse.equinox.launcher\org.eclipse.equinox.launcher.win32.win32.x86_64_1.3.0.v20260203-2149;C:\Users\mahes\AppData\Local\Temp\jna-103656706;C:\Users\mahes\.gradle\native\1def1411415f61bf3af743bc5b6707747c0891f09f0c88961ee8f79bc544acac\windows-amd64;C:\Users\mahes\.gradle\native\c067742578af261105cb4f569cf0c3c89f3d7b1fecec35dd04571415982c5e48\windows-amd64

VM Arguments:
jvm_args: --add-modules=ALL-SYSTEM --add-opens=java.base/java.util=ALL-UNNAMED --add-opens=java.base/java.lang=ALL-UNNAMED --add-opens=java.base/sun.nio.fs=ALL-UNNAMED -Declipse.application=org.eclipse.jdt.ls.core.id1 -Dosgi.bundles.defaultStartLevel=4 -Declipse.product=org.eclipse.jdt.ls.core.product -Djava.import.generatesMetadataFilesAtProjectRoot=false -DDetectVMInstallationsJob.disabled=true -Dfile.encoding=utf8 -XX:+UseParallelGC -XX:GCTimeRatio=4 -XX:AdaptiveSizePolicyWeight=90 -Dsun.zip.disableMemoryMapping=true -Xmx2G -Xms100m -Xlog:disable -javaagent:c:\Users\mahes\.vscode\extensions\redhat.java-1.53.0-win32-x64\lombok\lombok-1.18.39-4050.jar -XX:+HeapDumpOnOutOfMemoryError -XX:HeapDumpPath=c:\Users\mahes\AppData\Roaming\Code\User\workspaceStorage\e827ccee51efc676e77e19a72bfc38f4\redhat.java -Daether.dependencyCollector.impl=bf 
java_command: c:\Users\mahes\.vscode\extensions\redhat.java-1.53.0-win32-x64\server\plugins\org.eclipse.equinox.launcher_1.7.100.v20251111-0406.jar -configuration c:\Users\mahes\AppData\Roaming\Code\User\globalStorage\redhat.java\1.53.0\config_win -data c:\Users\mahes\AppData\Roaming\Code\User\workspaceStorage\e827ccee51efc676e77e19a72bfc38f4\redhat.java\jdt_ws --pipe=\\.\pipe\lsp-f1ec44bea45219816199d13daa5f1db0-sock
java_class_path (initial): c:\Users\mahes\.vscode\extensions\redhat.java-1.53.0-win32-x64\server\plugins\org.eclipse.equinox.launcher_1.7.100.v20251111-0406.jar
Launcher Type: SUN_STANDARD

[Global flags]
    uintx AdaptiveSizePolicyWeight                 = 90                                        {product} {command line}
     intx CICompilerCount                          = 4                                         {product} {ergonomic}
    uintx GCTimeRatio                              = 4                                         {product} {command line}
     bool HeapDumpOnOutOfMemoryError               = true                                   {manageable} {command line}
    ccstr HeapDumpPath                             = c:\Users\mahes\AppData\Roaming\Code\User\workspaceStorage\e827ccee51efc676e77e19a72bfc38f4\redhat.java         {manageable} {command line}
   size_t InitialHeapSize                          = 104857600                                 {product} {command line}
   size_t MaxHeapSize                              = 2147483648                                {product} {command line}
   size_t MaxNewSize                               = 715653120                                 {product} {ergonomic}
   size_t MinHeapDeltaBytes                        = 524288                                    {product} {ergonomic}
   size_t MinHeapSize                              = 104857600                                 {product} {command line}
   size_t NewSize                                  = 34603008                                  {product} {ergonomic}
    uintx NonNMethodCodeHeapSize                   = 5839372                                {pd product} {ergonomic}
    uintx NonProfiledCodeHeapSize                  = 122909434                              {pd product} {ergonomic}
   size_t OldSize                                  = 70254592                                  {product} {ergonomic}
    uintx ProfiledCodeHeapSize                     = 122909434                              {pd product} {ergonomic}
    uintx ReservedCodeCacheSize                    = 251658240                              {pd product} {ergonomic}
     bool SegmentedCodeCache                       = true                                      {product} {ergonomic}
   size_t SoftMaxHeapSize                          = 2147483648                             {manageable} {ergonomic}
     bool UseCompressedOops                        = true                           {product lp64_product} {ergonomic}
     bool UseLargePagesIndividualAllocation        = false                                  {pd product} {ergonomic}
     bool UseParallelGC                            = true                                      {product} {command line}

Logging:
Log output configuration:
 #0: stdout all=off uptime,level,tags foldmultilines=false
 #1: stderr all=off uptime,level,tags foldmultilines=false

Release file:
JAVA_VERSION="21.0.10" 
MODULES="java.base java.compiler java.datatransfer java.xml java.prefs java.desktop java.instrument java.logging java.management java.security.sasl java.naming java.rmi java.management.rmi java.net.http java.scripting java.security.jgss java.transaction.xa java.sql java.sql.rowset java.xml.crypto java.se java.smartcardio jdk.accessibility jdk.internal.jvmstat jdk.attach jdk.charsets jdk.internal.opt jdk.zipfs jdk.compiler jdk.crypto.ec jdk.crypto.cryptoki jdk.crypto.mscapi jdk.dynalink jdk.internal.ed jdk.editpad jdk.hotspot.agent jdk.httpserver jdk.internal.le jdk.internal.vm.ci jdk.internal.vm.compiler jdk.internal.vm.compiler.management jdk.jartool jdk.javadoc jdk.jcmd jdk.management jdk.management.agent jdk.jconsole jdk.jdeps jdk.jdwp.agent jdk.jdi jdk.jfr jdk.jshell jdk.jsobject jdk.jstatd jdk.localedata jdk.management.jfr jdk.naming.dns jdk.naming.rmi jdk.net jdk.nio.mapmode jdk.random jdk.sctp jdk.security.auth jdk.security.jgss jdk.unsupported jdk.unsupported.desktop jdk.xml.dom" 

Environment Variables:
PATH=C:\Users\mahes\AppData\Local\Programs\Microsoft VS Code;C:\Program Files\Common Files\Oracle\Java\javapath;C:\Program Files (x86)\Common Files\Oracle\Java\java8path;C:\Program Files (x86)\Common Files\Oracle\Java\javapath;C:\WINDOWS\system32;C:\WINDOWS;C:\WINDOWS\System32\Wbem;C:\WINDOWS\System32\WindowsPowerShell\v1.0\;C:\WINDOWS\System32\OpenSSH\;C:\Program Files\dotnet\;C:\Program Files\nodejs\;C:\ProgramData\chocolatey\bin;C:\Program Files\Git\cmd;C:\Users\mahes\miniconda3;C:\Users\mahes\miniconda3\Library\mingw-w64\bin;C:\Users\mahes\miniconda3\Library\usr\bin;C:\Users\mahes\miniconda3\Library\bin;C:\Users\mahes\miniconda3\Scripts;C:\Users\mahes\AppData\Local\Microsoft\WindowsApps;C:\Users\mahes\AppData\Local\Programs\Microsoft VS Code Insiders\bin;C:\Users\mahes\AppData\Local\Python\bin;C:\Users\mahes\AppData\Local\Programs\Microsoft VS Code\bin;C:\Users\mahes\AppData\Roaming\npm
USERNAME=mahes
OS=Windows_NT
PROCESSOR_IDENTIFIER=AMD64 Family 25 Model 68 Stepping 1, AuthenticAMD
TMP=C:\Users\mahes\AppData\Local\Temp
TEMP=C:\Users\mahes\AppData\Local\Temp




Periodic native trim disabled

---------------  S Y S T E M  ---------------

OS:
 Windows 11 , 64 bit Build 26100 (10.0.26100.7920)
OS uptime: 0 days 11:44 hours
Hyper-V role detected

CPU: total 12 (initial active 12) (12 cores per cpu, 2 threads per core) family 25 model 68 stepping 1 microcode 0xa404107, cx8, cmov, fxsr, ht, mmx, 3dnowpref, sse, sse2, sse3, ssse3, sse4a, sse4.1, sse4.2, popcnt, lzcnt, tsc, tscinvbit, avx, avx2, aes, erms, clmul, bmi1, bmi2, adx, sha, fma, vzeroupper, clflush, clflushopt, hv, rdtscp, rdpid, fsrm, f16c, cet_ss
Processor Information for processor 0
  Max Mhz: 3301, Current Mhz: 3301, Mhz Limit: 3301
Processor Information for processor 1
  Max Mhz: 3301, Current Mhz: 3301, Mhz Limit: 3301
Processor Information for processor 2
  Max Mhz: 3301, Current Mhz: 3301, Mhz Limit: 3301
Processor Information for processor 3
  Max Mhz: 3301, Current Mhz: 3301, Mhz Limit: 3301
Processor Information for processor 4
  Max Mhz: 3301, Current Mhz: 3301, Mhz Limit: 3301
Processor Information for processor 5
  Max Mhz: 3301, Current Mhz: 3301, Mhz Limit: 3301
Processor Information for processor 6
  Max Mhz: 3301, Current Mhz: 3301, Mhz Limit: 3301
Processor Information for processor 7
  Max Mhz: 3301, Current Mhz: 2024, Mhz Limit: 3301
Processor Information for processor 8
  Max Mhz: 3301, Current Mhz: 3301, Mhz Limit: 3301
Processor Information for processor 9
  Max Mhz: 3301, Current Mhz: 3301, Mhz Limit: 3301
Processor Information for processor 10
  Max Mhz: 3301, Current Mhz: 2024, Mhz Limit: 3301
Processor Information for processor 11
  Max Mhz: 3301, Current Mhz: 2024, Mhz Limit: 3301

Memory: 4k page, system-wide physical 7381M (154M free)
TotalPageFile size 29909M (AvailPageFile size 2M)
current process WorkingSet (physical memory assigned to process): 165M, peak: 934M
current process commit charge ("private bytes"): 1387M, peak: 1736M

vm_info: OpenJDK 64-Bit Server VM (21.0.10+7-LTS) for windows-amd64 JRE (21.0.10+7-LTS), built on 2026-01-20T00:00:00Z by "admin" with MS VC++ 17.12 (VS2022)

END.
